----------

Mon Mar 24 2025 11:33:13 GMT-0700 (Mountain Standard Time)

warning: in the working copy of 'docs/index.html', LF will be replaced by CRLF the next time Git touches it


----------

Mon Mar 24 2025 11:33:16 GMT-0700 (Mountain Standard Time)

To https://github.com/garretreichenbach/Brochure-Creator.git
   c6b7ce4..6b501f3  main -> main


----------

Mon Mar 24 2025 11:33:33 GMT-0700 (Mountain Standard Time)

warning: in the working copy of 'docs/index.html', LF will be replaced by CRLF the next time Git touches it


----------

Mon Mar 24 2025 11:33:33 GMT-0700 (Mountain Standard Time)

warning: in the working copy of 'docs/error.log', LF will be replaced by CRLF the next time Git touches it


----------

Mon Mar 24 2025 11:33:35 GMT-0700 (Mountain Standard Time)

To https://github.com/garretreichenbach/Brochure-Creator.git
   6b501f3..86f7f8f  main -> main


----------

Mon Mar 24 2025 11:36:11 GMT-0700 (Mountain Standard Time)

warning: in the working copy of 'docs/index.html', LF will be replaced by CRLF the next time Git touches it


----------

Mon Mar 24 2025 11:36:13 GMT-0700 (Mountain Standard Time)

To https://github.com/garretreichenbach/Brochure-Creator.git
   8f1e8a8..0c9f5a8  main -> main


